================================:	20130104
50只小市值股的下单
[['002058' '6.85' '107600.0' '1']
 ['002034' '10.62' '55100.0' '1']]
小市值之外的股票的下单
[]
================================:	20130107
50只小市值股的下单
[['600419' '11.34' '38500.0' '1']
 ['002260' '6.02' '111000.0' '1']
 ['000586' '4.71' '147100.0' '1']]
小市值之外的股票的下单
[]
================================:	20130108
50只小市值股的下单
[['600137' '9.0' '81100.0' '1']
 ['002373' '10.9' '67000.0' '1']
 ['300063' '9.21' '68000.0' '1']
 ['002034' '9.79' '55100' '-1']
 ['002289' '11.4' '40100.0' '1']
 ['002625' '8.36' '64700.0' '1']
 ['300092' '10.58' '43600.0' '1']]
小市值之外的股票的下单
[]
================================:	20130109
50只小市值股的下单
[['002112' '7.5' '98500.0' '1']
 ['300249' '13.06' '37500.0' '1']
 ['300025' '6.19' '104100.0' '1']
 ['300116' '9.19' '74700.0' '1']
 ['600768' '6.32' '109100.0' '1']
 ['300063' '10.88' '61000.0' '1']
 ['300109' '7.6' '81500.0' '1']
 ['002175' '8.95' '80800.0' '1']
 ['000586' '4.83' '147800.0' '1']]
小市值之外的股票的下单
[]
================================:	20130110
50只小市值股的下单
[['002373' '11.27' '59200.0' '1']
 ['300023' '9.79' '62000.0' '1']
 ['300268' '7.89' '49100.0' '1']
 ['002289' '11.93' '38700.0' '1']
 ['002625' '8.78' '62500.0' '1']
 ['000586' '4.89' '135100.0' '1']]
小市值之外的股票的下单
[]
================================:	20130111
50只小市值股的下单
[['002141' '4.91' '157500.0' '1']
 ['002373' '11.69' '56600.0' '1']
 ['300063' '10.03' '129000' '-1']
 ['300109' '7.98' '73800.0' '1']
 ['000526' '9.62' '57700.0' '1']
 ['002289' '13.23' '36500.0' '1']]
小市值之外的股票的下单
[]
================================:	20130114
50只小市值股的下单
[['300249' '13.74' '37000.0' '1']
 ['300025' '6.29' '102900.0' '1']
 ['002289' '14.2' '34100.0' '1']
 ['300319' '18.8' '27000.0' '1']]
小市值之外的股票的下单
[]
================================:	20130115
50只小市值股的下单
[['300220' '30.29' '17800.0' '1']
 ['300249' '14.2' '34600.0' '1']
 ['300025' '6.45' '100000.0' '1']
 ['300116' '9.31' '73100.0' '1']
 ['300061' '8.19' '75100.0' '1']
 ['300109' '8.14' '72500.0' '1']
 ['300269' '13.48' '48200.0' '1']
 ['300056' '11.32' '39000.0' '1']
 ['300319' '19.6' '26900.0' '1']
 ['300211' '17.55' '34400.0' '1']
 ['300097' '12.66' '58300.0' '1']
 ['000586' '4.97' '128800.0' '1']]
小市值之外的股票的下单
[]
================================:	20130116
50只小市值股的下单
[['600137' '9.23' '79600.0' '1']
 ['000803' '7.47' '78700.0' '1']
 ['300235' '10.35' '54000.0' '1']
 ['002112' '7.93' '83500.0' '1']
 ['002141' '4.97' '149600.0' '1']
 ['300249' '14.8' '33900.0' '1']
 ['002354' '10.75' '60000.0' '1']
 ['300184' '7.55' '107800.0' '1']
 ['300025' '6.65' '98100.0' '1']
 ['300116' '9.7' '69100.0' '1']
 ['600768' '6.59' '92600.0' '1']
 ['300282' '16.1' '32000.0' '1']
 ['300109' '8.25' '72600.0' '1']
 ['002058' '7.2' '88600.0' '1']
 ['002260' '6.07' '112300.0' '1']
 ['300173' '8.92' '97200.0' '1']
 ['002625' '8.99' '62300.0' '1']
 ['300243' '11.3' '49900.0' '1']
 ['300232' '9.8' '54100.0' '1']
 ['300151' '9.93' '66400.0' '1']
 ['600566' '6.95' '81000.0' '1']]
小市值之外的股票的下单
[]
================================:	20130117
50只小市值股的下单
[['000803' '8.15' '69100.0' '1']
 ['002175' '9.5' '77100.0' '1']
 ['300056' '13.7' '35300.0' '1']
 ['600566' '7.1' '78400.0' '1']]
小市值之外的股票的下单
[]
================================:	20130118
50只小市值股的下单
[['600753' '6.91' '85400.0' '1']
 ['300173' '8.85' '71000.0' '1']
 ['300211' '16.05' '34400' '-1']]
小市值之外的股票的下单
[]
================================:	20130121
50只小市值股的下单
[['300061' '8.42' '75300.0' '1']
 ['000023' '7.15' '89300.0' '1']]
小市值之外的股票的下单
[]
================================:	20130122
50只小市值股的下单
[['300056' '15.0' '29100.0' '1']]
小市值之外的股票的下单
[]
================================:	20130123
50只小市值股的下单
[['300220' '27.4' '17800' '-1']
 ['300025' '6.19' '405100' '-1']
 ['000526' '10.57' '58800.0' '1']
 ['300269' '12.35' '48200' '-1']
 ['300319' '17.41' '53900' '-1']]
小市值之外的股票的下单
[]
================================:	20130124
50只小市值股的下单
[['300173' '8.17' '168200' '-1']
 ['300243' '10.51' '49900' '-1']]
小市值之外的股票的下单
[]
================================:	20130125
50只小市值股的下单
[['300235' '9.43' '54000' '-1']
 ['300184' '7.12' '107800' '-1']
 ['300116' '8.95' '216900' '-1']
 ['300023' '8.68' '62000' '-1']
 ['300282' '14.62' '32000' '-1']
 ['000526' '9.42' '116500' '-1']
 ['300268' '7.11' '49100' '-1']
 ['002289' '12.63' '149400' '-1']
 ['002175' '8.75' '157900' '-1']
 ['002625' '8.23' '189500' '-1']
 ['300232' '9.06' '54100' '-1']
 ['300151' '9.39' '66400' '-1']
 ['300092' '9.89' '43600' '-1']]
小市值之外的股票的下单
[]
================================:	20130128
50只小市值股的下单
[['000803' '8.3' '58000.0' '1']
 ['300061' '7.71' '150400' '-1']
 ['002058' '6.7' '196200' '-1']
 ['002260' '5.78' '223300' '-1']]
小市值之外的股票的下单
[]
================================:	20130129
50只小市值股的下单
[['000004' '9.04' '68100.0' '1']]
小市值之外的股票的下单
[]
================================:	20130130
50只小市值股的下单
[['000803' '8.42' '56600.0' '1']
 ['002112' '8.15' '75000.0' '1']
 ['002141' '5.01' '145100.0' '1']
 ['000004' '9.2' '63100.0' '1']]
小市值之外的股票的下单
[]
================================:	20130131
50只小市值股的下单
[['002141' '5.09' '136800.0' '1']
 ['300249' '13.35' '143000' '-1']
 ['000004' '9.48' '59200.0' '1']
 ['002034' '11.3' '48900.0' '1']]
小市值之外的股票的下单
[]
================================:	20130201
50只小市值股的下单
[['002354' '10.01' '60000' '-1']
 ['600753' '7.2' '80600.0' '1']]
小市值之外的股票的下单
[]
================================:	20130204
50只小市值股的下单
[['300151' '10.92' '60400.0' '1']]
小市值之外的股票的下单
[]
================================:	20130205
50只小市值股的下单
[['600768' '6.68' '92400.0' '1']
 ['600419' '10.51' '38500' '-1']
 ['300268' '7.8' '49300.0' '1']
 ['002034' '10.15' '48900' '-1']]
小市值之外的股票的下单
[]
================================:	20130206
50只小市值股的下单
[]
小市值之外的股票的下单
[]
================================:	20130207
50只小市值股的下单
[['600768' '7.02' '85200.0' '1']
 ['300092' '11.2' '42200.0' '1']]
小市值之外的股票的下单
[]
================================:	20130208
50只小市值股的下单
[['600753' '7.48' '75800.0' '1']]
小市值之外的股票的下单
[]
================================:	20130218
50只小市值股的下单
[['002373' '11.9' '61800.0' '1']]
小市值之外的股票的下单
[]
================================:	20130219
50只小市值股的下单
[['300025' '6.72' '85100.0' '1']]
小市值之外的股票的下单
[]
================================:	20130220
50只小市值股的下单
[['300151' '10.12' '60400' '-1']]
小市值之外的股票的下单
[]
================================:	20130221
50只小市值股的下单
[['300085' '8.39' '85000.0' '1']
 ['300063' '10.0' '64300.0' '1']]
小市值之外的股票的下单
[]
================================:	20130222
50只小市值股的下单
[['600137' '9.39' '86900.0' '1']
 ['000023' '6.73' '89300' '-1']]
小市值之外的股票的下单
[]
================================:	20130225
50只小市值股的下单
[['600137' '9.57' '86100.0' '1']
 ['000803' '7.69' '262400' '-1']
 ['300235' '10.22' '57700.0' '1']
 ['300247' '11.32' '61200.0' '1']
 ['300025' '6.87' '75300.0' '1']
 ['300061' '9.41' '78700.0' '1']
 ['300232' '10.55' '62500.0' '1']]
小市值之外的股票的下单
[]
================================:	20130226
50只小市值股的下单
[['300237' '16.02' '41900.0' '1']
 ['300025' '7.07' '72900.0' '1']
 ['000004' '9.99' '63400.0' '1']
 ['002289' '14.8' '27400.0' '1']
 ['300232' '10.73' '56700.0' '1']
 ['300097' '13.45' '54800.0' '1']]
小市值之外的股票的下单
[]
================================:	20130227
50只小市值股的下单
[['300247' '10.46' '61200' '-1']
 ['300061' '9.98' '63100.0' '1']
 ['300013' '9.79' '52700.0' '1']
 ['300232' '11.71' '50500.0' '1']
 ['300097' '13.97' '49600.0' '1']]
小市值之外的股票的下单
[]
================================:	20130228
50只小市值股的下单
[['002112' '7.66' '257000' '-1']
 ['300085' '7.96' '85000' '-1']
 ['002141' '4.97' '589000' '-1']
 ['600753' '6.97' '241800' '-1']
 ['300243' '11.21' '54400.0' '1']]
小市值之外的股票的下单
[]
================================:	20130301
50只小市值股的下单
[['002058' '7.37' '98300.0' '1']
 ['300269' '13.16' '48300.0' '1']
 ['300243' '11.5' '53500.0' '1']
 ['300013' '10.02' '53800.0' '1']]
小市值之外的股票的下单
[]
================================:	20130304
50只小市值股的下单
[['300235' '10.66' '55000.0' '1']
 ['300247' '11.22' '50500.0' '1']
 ['300116' '9.8' '75800.0' '1']
 ['300282' '15.58' '43200.0' '1']
 ['300063' '10.29' '57300.0' '1']
 ['300269' '13.7' '47500.0' '1']
 ['300056' '15.85' '22400.0' '1']
 ['300243' '12.5' '47600.0' '1']
 ['300211' '16.25' '46500.0' '1']
 ['300232' '11.89' '43800.0' '1']]
小市值之外的股票的下单
[]
================================:	20130305
50只小市值股的下单
[['600768' '6.53' '379300' '-1']
 ['300092' '10.59' '42200' '-1']]
小市值之外的股票的下单
[]
================================:	20130306
50只小市值股的下单
[['300235' '11.0' '51300.0' '1']
 ['300247' '11.48' '47200.0' '1']
 ['300025' '7.41' '64500.0' '1']
 ['300116' '10.17' '69300.0' '1']
 ['002175' '9.9' '69800.0' '1']]
小市值之外的股票的下单
[]
================================:	20130307
50只小市值股的下单
[['300085' '8.65' '82700.0' '1']
 ['300116' '10.6' '65700.0' '1']
 ['300282' '16.42' '39500.0' '1']
 ['002260' '6.17' '135000.0' '1']
 ['300173' '8.76' '67000.0' '1']
 ['000023' '6.85' '98500.0' '1']]
小市值之外的股票的下单
[]
================================:	20130308
50只小市值股的下单
[['002141' '5.58' '119200.0' '1']
 ['300061' '9.16' '141800' '-1']
 ['300173' '9.09' '58400.0' '1']
 ['600566' '7.3' '92400.0' '1']]
小市值之外的股票的下单
[]
================================:	20130311
50只小市值股的下单
[['002260' '6.27' '123200.0' '1']
 ['300056' '13.57' '125800' '-1']
 ['300243' '11.36' '155500' '-1']]
小市值之外的股票的下单
[]
================================:	20130312
50只小市值股的下单
[['300116' '10.86' '58200.0' '1']
 ['000023' '6.96' '98200.0' '1']]
小市值之外的股票的下单
[]
================================:	20130313
50只小市值股的下单
[['300235' '9.9' '164000' '-1']
 ['300085' '8.02' '82700' '-1']
 ['300237' '15.37' '41900' '-1']
 ['300282' '15.26' '82700' '-1']
 ['002058' '6.94' '98300' '-1']
 ['000004' '9.23' '253800' '-1']
 ['002289' '15.3' '24900.0' '1']
 ['300173' '8.28' '125400' '-1']
 ['300013' '9.13' '106500' '-1']
 ['600566' '6.86' '251800' '-1']]
小市值之外的股票的下单
[]
================================:	20130314
50只小市值股的下单
[['300247' '10.63' '97700' '-1']
 ['300269' '12.69' '95800' '-1']]
小市值之外的股票的下单
[]
================================:	20130315
50只小市值股的下单
[['002289' '15.96' '23500.0' '1']]
小市值之外的股票的下单
[]
================================:	20130318
50只小市值股的下单
[]
小市值之外的股票的下单
[]
================================:	20130319
50只小市值股的下单
[['002141' '5.19' '119200' '-1']
 ['300063' '9.4' '121600' '-1']
 ['300109' '8.07' '300400' '-1']
 ['002260' '5.81' '258200' '-1']
 ['300211' '15.32' '46500' '-1']
 ['000586' '5.0' '558800' '-1']]
小市值之外的股票的下单
[]
================================:	20130320
50只小市值股的下单
[]
小市值之外的股票的下单
[]
================================:	20130321
50只小市值股的下单
[['600136' '10.96' '51700.0' '1']]
小市值之外的股票的下单
[]
================================:	20130322
50只小市值股的下单
[['600753' '7.67' '73100.0' '1']
 ['600136' '11.24' '51100.0' '1']]
小市值之外的股票的下单
[]
================================:	20130325
50只小市值股的下单
[['600753' '7.83' '71400.0' '1']
 ['002260' '6.59' '96400.0' '1']
 ['300319' '18.68' '32600.0' '1']]
小市值之外的股票的下单
[]
================================:	20130326
50只小市值股的下单
[['002289' '16.9' '22400.0' '1']]
小市值之外的股票的下单
[]
================================:	20130327
50只小市值股的下单
[]
小市值之外的股票的下单
[]
================================:	20130328
50只小市值股的下单
[['300097' '12.67' '162700' '-1']]
小市值之外的股票的下单
[]
================================:	20130329
50只小市值股的下单
[['300232' '11.25' '213500' '-1']
 ['002175' '9.23' '69800' '-1']
 ['300319' '16.85' '32600' '-1']]
小市值之外的股票的下单
[]
================================:	20130401
50只小市值股的下单
[['300268' '5.68' '49300' '-1']
 ['300211' '16.45' '38700.0' '1']
 ['002373' '10.58' '244600' '-1']]
小市值之外的股票的下单
[]
================================:	20130402
50只小市值股的下单
[]
小市值之外的股票的下单
[]
================================:	20130403
50只小市值股的下单
[['300116' '9.9' '269000' '-1']]
小市值之外的股票的下单
[]
================================:	20130408
50只小市值股的下单
[['300211' '14.73' '38700' '-1']
 ['002112' '8.25' '90300.0' '1']]
小市值之外的股票的下单
[]
================================:	20130409
50只小市值股的下单
[]
小市值之外的股票的下单
[]
================================:	20130410
50只小市值股的下单
[['600753' '7.97' '66400.0' '1']]
小市值之外的股票的下单
[]
================================:	20130411
50只小市值股的下单
[]
小市值之外的股票的下单
[]
================================:	20130412
50只小市值股的下单
[['002112' '7.7' '90300' '-1']]
小市值之外的股票的下单
[]
================================:	20130415
50只小市值股的下单
[]
小市值之外的股票的下单
[]
================================:	20130416
50只小市值股的下单
[['300013' '9.83' '57000.0' '1']]
小市值之外的股票的下单
[]
================================:	20130417
50只小市值股的下单
[['300085' '8.4' '75300.0' '1']
 ['300013' '10.01' '56000.0' '1']]
小市值之外的股票的下单
[]
================================:	20130418
50只小市值股的下单
[['000004' '10.75' '51800.0' '1']
 ['600753' '7.36' '210900' '-1']]
小市值之外的股票的下单
[]
================================:	20130419
50只小市值股的下单
[['000023' '6.46' '196700' '-1']]
小市值之外的股票的下单
[]
================================:	20130422
50只小市值股的下单
[['300085' '8.58' '74100.0' '1']
 ['300013' '10.7' '53800.0' '1']]
小市值之外的股票的下单
[]
================================:	20130423
50只小市值股的下单
[['300013' '11.1' '50900.0' '1']]
小市值之外的股票的下单
[]
================================:	20130424
50只小市值股的下单
[]
小市值之外的股票的下单
[]
================================:	20130425
50只小市值股的下单
[['300085' '8.91' '66600.0' '1']]
小市值之外的股票的下单
[]
================================:	20130426
50只小市值股的下单
[['300269' '13.0' '54300.0' '1']]
小市值之外的股票的下单
[]
================================:	20130502
